0 info it worked if it ends with ok
1 verbose cli [ '/usr/local/Cellar/node/6.3.1/bin/node',
1 verbose cli   '/usr/local/bin/npm',
1 verbose cli   'install',
1 verbose cli   '/node/' ]
2 info using npm@3.10.3
3 info using node@v6.3.1
4 verbose config Skipping project config: /Users/pengyucheng/.npmrc. (matches userconfig)
5 silly loadCurrentTree Starting
6 silly install loadCurrentTree
7 silly install readLocalPackageData
8 silly fetchPackageMetaData /node/
9 silly fetchOtherPackageData /node/
10 silly cache add args [ '/node/', null ]
11 verbose cache add spec /node/
12 silly cache add parsed spec Result {
12 silly cache add   raw: '/node/',
12 silly cache add   scope: null,
12 silly cache add   escapedName: null,
12 silly cache add   name: null,
12 silly cache add   rawSpec: '/node/',
12 silly cache add   spec: '/node',
12 silly cache add   type: 'local' }
13 error addLocal Could not install /node
14 silly fetchPackageMetaData Error: ENOENT: no such file or directory, open '/node'
14 silly fetchPackageMetaData     at Error (native)
14 silly fetchPackageMetaData  error for /node/ { Error: ENOENT: no such file or directory, open '/node'
14 silly fetchPackageMetaData     at Error (native) errno: -2, code: 'ENOENT', syscall: 'open', path: '/node' }
15 silly rollbackFailedOptional Starting
16 silly rollbackFailedOptional Finishing
17 silly runTopLevelLifecycles Starting
18 silly runTopLevelLifecycles Finishing
19 silly install printInstalled
20 verbose stack Error: ENOENT: no such file or directory, open '/node'
20 verbose stack     at Error (native)
21 verbose cwd /Users/pengyucheng/Desktop/github/-demo
22 error Darwin 16.4.0
23 error argv "/usr/local/Cellar/node/6.3.1/bin/node" "/usr/local/bin/npm" "install" "/node/"
24 error node v6.3.1
25 error npm  v3.10.3
26 error path /node
27 error code ENOENT
28 error errno -2
29 error syscall open
30 error enoent ENOENT: no such file or directory, open '/node'
31 error enoent ENOENT: no such file or directory, open '/node'
31 error enoent This is most likely not a problem with npm itself
31 error enoent and is related to npm not being able to find a file.
32 verbose exit [ -2, true ]
